
Showing logs for build [32mcb-kubecd-bdd-gh-1590288352-pr-jlnkc-1[0m stage [32mfrom-build-pack[0m and container [32mstep-credential-initializer-7ws6b[0m
{"level":"info","ts":1590289797.3906755,"logger":"fallback-logger","caller":"logging/config.go:69","msg":"Fetch GitHub commit ID from kodata failed: open /var/run/ko/refs/heads/0.8.0-ns-support: no such file or directory"}
{"level":"info","ts":1590289797.3911874,"logger":"fallback-logger","caller":"creds-init/main.go:40","msg":"Credentials initialized."}

Showing logs for build [32mcb-kubecd-bdd-gh-1590288352-pr-jlnkc-1[0m stage [32mfrom-build-pack[0m and container [32mstep-working-dir-initializer-bz8lf[0m
{"level":"info","ts":1590289798.4000971,"logger":"fallback-logger","caller":"logging/config.go:69","msg":"Fetch GitHub commit ID from kodata failed: open /var/run/ko/HEAD: no such file or directory"}
{"level":"info","ts":1590289798.4017782,"logger":"fallback-logger","caller":"bash/main.go:64","msg":"Successfully executed command \"sh -c mkdir -p /workspace/source\"; output "}

Showing logs for build [32mcb-kubecd-bdd-gh-1590288352-pr-jlnkc-1[0m stage [32mfrom-build-pack[0m and container [32mstep-place-tools[0m

Showing logs for build [32mcb-kubecd-bdd-gh-1590288352-pr-jlnkc-1[0m stage [32mfrom-build-pack[0m and container [32mstep-git-source-cb-kubecd-bdd-gh-1590288352-pr-jlnkc-djfxr[0m
{"level":"info","ts":1590289804.495049,"logger":"fallback-logger","caller":"logging/config.go:69","msg":"Fetch GitHub commit ID from kodata failed: open /var/run/ko/refs/heads/0.8.0-ns-support: no such file or directory"}
{"level":"info","ts":1590289805.5641973,"logger":"fallback-logger","caller":"git/git.go:103","msg":"Successfully cloned https://github.com/cb-kubecd/bdd-gh-1590288352.git @ master in path /workspace/source"}

Showing logs for build [32mcb-kubecd-bdd-gh-1590288352-pr-jlnkc-1[0m stage [32mfrom-build-pack[0m and container [32mstep-git-merge[0m
Using SHAs from PULL_REFS=master:cb34cb8a5f94aa3b1d9281fca456c5a1741ad8ac,1:cd17ec5e04711d3edc5ca35cc42b1c0e345d9021
DEBUG: LC_ALL=C JX_LOG_LEVEL=error git fetch origin --unshallow cd17ec5e04711d3edc5ca35cc42b1c0e345d9021: cb34cb8a5f94aa3b1d9281fca456c5a1741ad8ac:
DEBUG: ran git fetch --unshallow origin cd17ec5e04711d3edc5ca35cc42b1c0e345d9021: cb34cb8a5f94aa3b1d9281fca456c5a1741ad8ac: in 
DEBUG: LC_ALL=C JX_LOG_LEVEL=error git branch
DEBUG: LC_ALL=C JX_LOG_LEVEL=error git checkout master
DEBUG: ran git checkout master in 
DEBUG: LC_ALL=C JX_LOG_LEVEL=error git reset --hard cb34cb8a5f94aa3b1d9281fca456c5a1741ad8ac
DEBUG: ran git reset --hard cb34cb8a5f94aa3b1d9281fca456c5a1741ad8ac in 
DEBUG: JX_LOG_LEVEL=error LC_ALL=C git clean -fd .
DEBUG: ran clean --force -d . in 
DEBUG: LC_ALL=C JX_LOG_LEVEL=error git merge cd17ec5e04711d3edc5ca35cc42b1c0e345d9021
DEBUG: ran git merge cd17ec5e04711d3edc5ca35cc42b1c0e345d9021 in 
DEBUG: LC_ALL=C JX_LOG_LEVEL=error git log --format=%H%x1f%an%x1f%ae%x1f%cn%x1f%ce%x1f%s%n%b%x1e cb34cb8a5f94aa3b1d9281fca456c5a1741ad8ac..HEAD
Merged SHA cd17ec5e04711d3edc5ca35cc42b1c0e345d9021 with commit message 'My first PR commit' into base branch master

Showing logs for build [32mcb-kubecd-bdd-gh-1590288352-pr-jlnkc-1[0m stage [32mfrom-build-pack[0m and container [32mstep-build-make-linux[0m
CGO_ENABLED=0 GOOS=linux GOARCH=amd64 GO15VENDOREXPERIMENT=1 go build -ldflags '' -o bin/bdd-gh-1590288352 main.go

Showing logs for build [32mcb-kubecd-bdd-gh-1590288352-pr-jlnkc-1[0m stage [32mfrom-build-pack[0m and container [32mstep-build-container-build[0m
E0524 03:10:18.321755       9 aws_credentials.go:77] while getting AWS credentials NoCredentialProviders: no valid providers in chain. Deprecated.
	For verbose messaging see aws.Config.CredentialsChainVerboseErrors
[36mINFO[0m[0001] Using dockerignore file: /workspace/source/.dockerignore 
[36mINFO[0m[0001] No base image, nothing to extract            
[36mINFO[0m[0001] Built cross stage deps: map[]                
[36mINFO[0m[0001] No base image, nothing to extract            
[36mINFO[0m[0001] Executing 0 build triggers                   
[36mINFO[0m[0001] cmd: EXPOSE                                  
[36mINFO[0m[0001] Adding exposed port: 8080/tcp                
[36mINFO[0m[0001] Checking for cached layer gcr.io/jenkins-x-bdd3/cache:e1de4ddc0fbeefca7782f6951e105add34b2f51ac4e5b96a74c51b2657cde85f... 
[36mINFO[0m[0002] Using caching version of cmd: COPY ./bin/ /  
[36mINFO[0m[0002] Skipping unpacking as no commands require it. 
[36mINFO[0m[0002] EXPOSE 8080                                  
[36mINFO[0m[0002] cmd: EXPOSE                                  
[36mINFO[0m[0002] Adding exposed port: 8080/tcp                
[36mINFO[0m[0002] No files changed in this command, skipping snapshotting. 
[36mINFO[0m[0002] ENTRYPOINT ["/bdd-gh-1590288352"]            
[36mINFO[0m[0002] No files changed in this command, skipping snapshotting. 
[36mINFO[0m[0002] COPY ./bin/ /                                
[36mINFO[0m[0002] Found cached layer, extracting to filesystem 

Showing logs for build [32mcb-kubecd-bdd-gh-1590288352-pr-jlnkc-1[0m stage [32mfrom-build-pack[0m and container [32mstep-postbuild-post-build[0m
no CVE provider running in the current ** namespace so skip adding image to be analysed

Showing logs for build [32mcb-kubecd-bdd-gh-1590288352-pr-jlnkc-1[0m stage [32mfrom-build-pack[0m and container [32mstep-promote-make-preview[0m
sed -i -e "s/version:.*/version: 0.0.0-SNAPSHOT-PR-1-1/" Chart.yaml
sed -i -e "s/version:.*/version: 0.0.0-SNAPSHOT-PR-1-1/" ../*/Chart.yaml
sed -i -e "s|repository:.*|repository: gcr.io\/jenkins-x-bdd3\/bdd-gh-1590288352|" values.yaml
sed -i -e "s/tag:.*/tag: 0.0.0-SNAPSHOT-PR-1-1/" values.yaml
echo "  version: 0.0.0-SNAPSHOT-PR-1-1" >> requirements.yaml
** step helm build
WARNING: No $CHART_REPOSITORY defined so using the default value of: http://jenkins-x-chartmuseum:8080
Adding missing Helm repo: storage.googleapis.com https://storage.googleapis.com/chartmuseum.jenkins-x.io
WARNING: No secrets found on "helm/repos" due: reading the secret "helm/repos" from vault: no secret "helm/repos" not found in vault
Read credentials for https://storage.googleapis.com/chartmuseum.jenkins-x.io from vault helm/repos
Successfully added Helm repository storage.googleapis.com.
Adding missing Helm repo: jenkins-x-chartmuseum http://jenkins-x-chartmuseum:8080
WARNING: No secrets found on "helm/repos" due: reading the secret "helm/repos" from vault: no secret "helm/repos" not found in vault
Read credentials for http://jenkins-x-chartmuseum:8080 from vault helm/repos
Successfully added Helm repository jenkins-x-chartmuseum.
WARNING: No $CHART_REPOSITORY defined so using the default value of: http://jenkins-x-chartmuseum:8080
Adding missing Helm repo: chartmuseum.jenkins-x.io http://chartmuseum.jenkins-x.io
WARNING: No secrets found on "helm/repos" due: reading the secret "helm/repos" from vault: no secret "helm/repos" not found in vault
Read credentials for http://chartmuseum.jenkins-x.io from vault helm/repos
Successfully added Helm repository chartmuseum.jenkins-x.io.

Showing logs for build [32mcb-kubecd-bdd-gh-1590288352-pr-jlnkc-1[0m stage [32mfrom-build-pack[0m and container [32mstep-promote-jx-preview[0m
Creating a preview
Created environment cb-kubecd-bdd-gh-1590288352-pr-1
Namespace **-cb-kubecd-bdd-gh-1590288352-pr-1 created 
expose:
  Annotations:
    helm.sh/hook: post-install,post-upgrade
    helm.sh/hook-delete-policy: hook-succeeded
  config:
    domain: 34.78.55.59.nip.io
    exposer: Ingress
    http: "true"
preview:
  image:
    repository: gcr.io/jenkins-x-bdd3/bdd-gh-1590288352
    tag: 0.0.0-SNAPSHOT-PR-1-1

Updating PipelineActivities cb-kubecd-bdd-gh-1590288352-pr-1-1 which has status Running
WARNING: preview application http://bdd-gh-1590288352.**-cb-kubecd-bdd-gh-1590288352-pr-1.34.78.55.59.nip.io not available, error was 503 503 Service Temporarily Unavailable, delaying for: 991.607396ms
WARNING: preview application http://bdd-gh-1590288352.**-cb-kubecd-bdd-gh-1590288352-pr-1.34.78.55.59.nip.io not available, error was 503 503 Service Temporarily Unavailable, delaying for: 911.071669ms
Preview application is now available at: http://bdd-gh-1590288352.**-cb-kubecd-bdd-gh-1590288352-pr-1.34.78.55.59.nip.io
